29/10/2022 10:35:32 AM: INFO: root: ****__test_account_create__****
29/10/2022 11:32:35 AM: INFO: root: ****__test_account_create__****
29/10/2022 11:57:16 AM: INFO: root: ****__test_account_create__****
29/10/2022 11:58:39 AM: INFO: root: ****__test_account_create__****
29/10/2022 01:02:40 PM: INFO: root: ****__test_account_create__****
29/10/2022 01:20:15 PM: INFO: root: ****__test_account_create__****
29/10/2022 01:34:45 PM: INFO: root: ****__test_account_create__****
29/10/2022 01:36:49 PM: INFO: root: ****__test_account_create__****
29/10/2022 01:42:56 PM: INFO: root: ****__test_account_create__****
29/10/2022 01:46:51 PM: INFO: root: ****__test_account_create__****
29/10/2022 01:48:20 PM: INFO: root: ****__test_account_create__****
29/10/2022 05:05:43 PM: INFO: root: ****__test_account_create__****
29/10/2022 05:08:15 PM: INFO: root: ****__test_account_create__****
29/10/2022 06:07:22 PM: INFO: root: ****__test_account_create__****
29/10/2022 06:14:50 PM: INFO: root: ****__test_account_create__****
29/10/2022 06:29:41 PM: INFO: root: ****__test_account_create__****
29/10/2022 06:45:49 PM: INFO: root: ****__test_account_create__****
29/10/2022 06:48:13 PM: INFO: root: ****__test_account_create__****
29/10/2022 11:41:18 PM: INFO: root: ****__test_account_create__****
29/10/2022 11:47:18 PM: INFO: root: ****__test_account_create__****
30/10/2022 12:23:42 AM: INFO: root: ****__test_account_create__****
30/10/2022 12:25:33 AM: INFO: root: ****__test_account_create__****
30/10/2022 12:29:17 AM: INFO: root: ****__test_account_create__****
30/10/2022 12:32:15 AM: INFO: root: ****__test_account_create__****
30/10/2022 12:36:24 AM: INFO: root: ****__test_account_create__****
30/10/2022 12:37:24 AM: INFO: root: ****__test_account_create__****
30/10/2022 12:43:59 AM: INFO: root: ****__test_account_create__****
30/10/2022 12:47:06 AM: INFO: root: ****__test_account_create__****
30/10/2022 11:24:13 AM: INFO: root: ****__test_account_create__****
30/10/2022 12:07:53 PM: INFO: root: ****__test_account_create__****
30/10/2022 12:28:18 PM: INFO: root: ****__test_account_create__****
30/10/2022 12:29:41 PM: INFO: root: ****__test_account_create__****
30/10/2022 12:36:09 PM: INFO: root: ****__test_account_create__****
30/10/2022 12:38:51 PM: INFO: root: ****__test_account_create__****
30/10/2022 12:40:28 PM: INFO: root: ****__test_account_create__****
30/10/2022 12:44:17 PM: INFO: root: ****__test_account_create__****
30/10/2022 12:48:48 PM: INFO: root: ****__test_account_create__****
30/10/2022 12:50:13 PM: INFO: root: ****__test_account_create__****
30/10/2022 01:03:49 PM: INFO: root: ****__test_account_create__****
30/10/2022 01:12:14 PM: INFO: root: ****__test_account_create__****
30/10/2022 01:17:38 PM: INFO: root: ****__test_account_create__****
30/10/2022 01:23:20 PM: INFO: root: ****__test_account_create__****
30/10/2022 01:46:05 PM: INFO: root: ****__test_account_create__****
30/10/2022 01:57:06 PM: INFO: root: ****__test_account_create__****
30/10/2022 03:09:38 PM: INFO: root: ****__test_account_create__****
30/10/2022 03:25:29 PM: INFO: root: ****__test_account_create__****
30/10/2022 03:26:31 PM: INFO: root: ****__test_account_create__****
30/10/2022 03:29:46 PM: INFO: root: ****__test_account_create__****
30/10/2022 03:31:24 PM: INFO: root: ****__test_account_create__****
30/10/2022 03:35:11 PM: INFO: root: ****__test_account_create__****
30/10/2022 04:19:42 PM: INFO: root: ****__test_account_create__****
30/10/2022 04:21:00 PM: INFO: root: ****__test_account_create__****
30/10/2022 04:25:15 PM: INFO: root: ****__test_account_create__****
30/10/2022 04:26:13 PM: INFO: root: ****__test_account_create__****
30/10/2022 04:29:44 PM: INFO: root: ****__test_account_create__****
30/10/2022 04:31:56 PM: INFO: root: ****__test_account_create__****
30/10/2022 04:44:56 PM: INFO: root: ****__TC_Login_01__****
30/10/2022 04:46:29 PM: INFO: root: ****__TC_Login_01__****
30/10/2022 05:00:02 PM: INFO: root: ****__TC_Login_01__****
30/10/2022 05:01:34 PM: INFO: root: ****__TC_Login_01__****
30/10/2022 05:05:36 PM: INFO: root: ****__TC_Login_01__****
30/10/2022 05:09:45 PM: INFO: root: ****__TC_Login_01__****
30/10/2022 05:11:45 PM: INFO: root: ****__TC_Login_01__****
30/10/2022 05:13:00 PM: INFO: root: ****__TC_Login_01__****
30/10/2022 05:15:51 PM: INFO: root: ****__TC_Login_01__****
30/10/2022 05:16:39 PM: INFO: root: ****__TC_Login_01__****
30/10/2022 05:19:01 PM: INFO: root: ****__TC_Login_01__****
30/10/2022 05:21:01 PM: INFO: root: ****__TC_Login_01__****
30/10/2022 05:24:42 PM: INFO: root: ****__TC_Login_01__****
30/10/2022 05:29:16 PM: INFO: root: ****__TC_Login_01__****
30/10/2022 05:29:32 PM: INFO: root: login successfuly
30/10/2022 05:29:32 PM: INFO: root: ####loged page title
30/10/2022 05:30:08 PM: INFO: root: ****__TC_Login_01__****
30/10/2022 05:30:28 PM: INFO: root: login successfuly
30/10/2022 05:30:28 PM: INFO: root: ####loged page title
30/10/2022 05:31:07 PM: INFO: root: ****__TC_Login_01__****
30/10/2022 05:31:25 PM: INFO: root: login successfuly
30/10/2022 05:31:25 PM: INFO: root: ####loged page title
30/10/2022 05:32:19 PM: INFO: root: ****__test_account_create__****
30/10/2022 05:33:10 PM: INFO: root: ****__test_account_create__****
30/10/2022 05:52:06 PM: INFO: root: ****__test_account_create__****
30/10/2022 05:59:36 PM: INFO: root: ****__test_account_create__****
30/10/2022 06:04:39 PM: INFO: root: ****__test_account_create__****
30/10/2022 06:06:38 PM: INFO: root: ****__test_account_create__****
30/10/2022 06:10:54 PM: INFO: root: ****__test_account_create__****
30/10/2022 06:14:20 PM: INFO: root: ****__test_account_create__****
30/10/2022 06:16:11 PM: INFO: root: ****__test_account_create__****
30/10/2022 06:17:44 PM: INFO: root: ****__test_account_create__****
30/10/2022 06:30:50 PM: INFO: root: ****__TC_Login_01__****
30/10/2022 06:34:08 PM: INFO: root: ****__test_account_create__****
30/10/2022 07:07:25 PM: INFO: root: ****__TC_Login_01__****
30/10/2022 07:33:42 PM: INFO: root: ****__TC_Login_01__****
30/10/2022 09:00:06 PM: INFO: root: ****__TC_Login_01__****
30/10/2022 09:01:52 PM: INFO: root: ****__test_account_create__****
30/10/2022 09:04:53 PM: INFO: root: ****__TC_Login_01__****
30/10/2022 09:05:55 PM: INFO: root: ****__TC_Login_01__****
30/10/2022 09:07:22 PM: INFO: root: ****__TC_Login_01__****
30/10/2022 09:09:29 PM: INFO: root: ****__TC_Login_01__****
30/10/2022 09:11:43 PM: INFO: root: ****__TC_Login_01__****
30/10/2022 09:37:36 PM: INFO: root: ****__TC_Login_01__****
30/10/2022 09:38:51 PM: INFO: root: ****__test_account_create__****
30/10/2022 09:41:09 PM: INFO: root: ****__TC_Login_01__****
30/10/2022 09:42:19 PM: INFO: root: ****__TC_Login_01__****
30/10/2022 09:49:23 PM: INFO: root: ****__TC_Login_01__****
30/10/2022 09:52:57 PM: INFO: root: ****__TC_Login_01__****
30/10/2022 09:59:55 PM: INFO: root: ****__TC_Login_01__****
30/10/2022 10:02:14 PM: INFO: root: ****__TC_Login_01__****
30/10/2022 10:24:15 PM: INFO: root: ****__TC_Login_01__****
30/10/2022 10:24:49 PM: INFO: root: ****__TC_Login_01__****
30/10/2022 10:29:03 PM: INFO: root: ****__TC_Login_01__****
30/10/2022 10:39:59 PM: INFO: root: ****__test_account_create__****
30/10/2022 10:41:37 PM: INFO: root: ****__TC_Login_01__****
31/10/2022 12:09:25 AM: INFO: root: ****__TC TEST ACCOUNT EDIT __****
31/10/2022 10:37:24 AM: INFO: root: ****__TC TEST ACCOUNT EDIT __****
31/10/2022 10:37:35 AM: INFO: root: **##login is sucessfuly ##**
31/10/2022 10:39:29 AM: INFO: root: ****__TC TEST ACCOUNT EDIT __****
31/10/2022 10:40:04 AM: INFO: root: **##login is sucessfuly ##**
31/10/2022 11:02:54 AM: INFO: root: ****__TC TEST ACCOUNT EDIT __****
31/10/2022 11:03:16 AM: INFO: root: **##login is sucessfuly ##**
